Build started 7/27/2015 1:49:01 PM.
     1>Project "E:\emulator_system\SCB_Solution\SCBEmulator\CanBusTransceiverSolution\CanTester\CanTester.vcxproj" on node 2 (Build target(s)).
     1>ClCompile:
         D:\Program Files (x86)\Microsoft Visual Studio 12.0\VC\bin\CL.exe /c /I"E:\SCB develop\work\CanBusTransceiverSolution\CanBusTransceiver" /ZI /nologo /W3 /WX- /sdl /Od /Oy- /D WIN32 /D _DEBUG /D _CONSOLE /D _LIB /D _UNICODE /D UNICODE /Gm /EHsc /RTC1 /MDd /GS /fp:precise /Zc:wchar_t /Zc:forScope /Yc"stdafx.h" /Fp"Debug\CanTester.pch" /Fo"Debug\\" /Fd"Debug\vc120.pdb" /Gd /TP /analyze- /errorReport:prompt stdafx.cpp
         stdafx.cpp
         D:\Program Files (x86)\Microsoft Visual Studio 12.0\VC\bin\CL.exe /c /I"E:\SCB develop\work\CanBusTransceiverSolution\CanBusTransceiver" /ZI /nologo /W3 /WX- /sdl /Od /Oy- /D WIN32 /D _DEBUG /D _CONSOLE /D _LIB /D _UNICODE /D UNICODE /Gm /EHsc /RTC1 /MDd /GS /fp:precise /Zc:wchar_t /Zc:forScope /Yu"stdafx.h" /Fp"Debug\CanTester.pch" /Fo"Debug\\" /Fd"Debug\vc120.pdb" /Gd /TP /analyze- /errorReport:prompt CanTester.cpp
         CanTester.cpp
     1>e:\emulator_system\scb_solution\scbemulator\canbustransceiversolution\cantester\cantester.cpp(5): fatal error C1083: Cannot open include file: 'ControlCAN.h': No such file or directory
     1>C:\Program Files (x86)\MSBuild\Microsoft.Cpp\v4.0\V120\Microsoft.CppCommon.targets(341,5): error MSB6006: "CL.exe" exited with code 2.
     1>Done Building Project "E:\emulator_system\SCB_Solution\SCBEmulator\CanBusTransceiverSolution\CanTester\CanTester.vcxproj" (Build target(s)) -- FAILED.

Build FAILED.

Time Elapsed 00:00:07.70
