Build started 7/24/2015 5:12:52 PM.
     1>Project "E:\emulator system\SCB Solution\SCBEmulator\CanBusTransceiverSolution\ProtocalTester\ProtocalTester.vcxproj" on node 4 (Rebuild target(s)).
     1>C:\Program Files (x86)\MSBuild\Microsoft.Cpp\v4.0\V120\Microsoft.CppBuild.targets(935,5): warning MSB8027: Two or more files with the name of Stdafx.cpp will produce outputs to the same location. This can lead to an incorrect build result.  The files involved are ..\PositionerSimulation\Stdafx.cpp, stdafx.cpp.
     1>ClCompile:
         D:\Program Files (x86)\Microsoft Visual Studio 12.0\VC\bin\CL.exe /c /AI"C:\Program Files (x86)\Reference Assemblies\Microsoft\Framework\.NETFramework\v4.5\\" /AI"C:\Program Files (x86)\Windows Kits\8.1\References\CommonConfiguration\Neutral" /AI"C:\Program Files (x86)\Reference Assemblies\Microsoft\Framework\.NETFramework\v4.5\Facades\\" /Zi /clr /nologo /W3 /WX- /O2 /Oy- /D WIN32 /D NDEBUG /D _UNICODE /D UNICODE /EHa /MD /GS /fp:precise /Zc:wchar_t /Zc:forScope /Yc"stdafx.h" /Fp"Release\ProtocalTester.pch" /Fo"Release\\" /Fd"Release\vc120.pdb" /TP /FU"C:\Program Files (x86)\Reference Assemblies\Microsoft\Framework\.NETFramework\v4.5\mscorlib.dll" /FU"E:\emulator system\SCB Solution\SCBEmulator\CanBusTransceiverSolution\Release\SCBProtocalWrapper.dll" /FU"C:\Program Files (x86)\Reference Assemblies\Microsoft\Framework\.NETFramework\v4.5\System.Data.dll" /FU"C:\Program Files (x86)\Reference Assemblies\Microsoft\Framework\.NETFramework\v4.5\System.dll" /FU"C:\Program Files (x86)\Reference Assemblies\Microsoft\Framework\.NETFramework\v4.5\System.Xml.dll" /analyze- /errorReport:prompt /clr:nostdlib stdafx.cpp
         stdafx.cpp
     1>stdafx.cpp : fatal error C1192: #using failed on 'E:\emulator system\SCB Solution\SCBEmulator\CanBusTransceiverSolution\Release\SCBProtocalWrapper.dll'
                 'The system cannot find the file specified.'
     1>Done Building Project "E:\emulator system\SCB Solution\SCBEmulator\CanBusTransceiverSolution\ProtocalTester\ProtocalTester.vcxproj" (Rebuild target(s)) -- FAILED.

Build FAILED.

Time Elapsed 00:00:02.70
